<?xml version="1.0" encoding="UTF-8"?>
<testsuite name="net.squarerootTest.squarerootTest" tests="3" skipped="0" failures="0" errors="0" timestamp="2023-02-16T10:22:39" hostname="NB927" time="0.007">
  <properties/>
  <testcase name="Diszero" classname="net.squarerootTest.squarerootTest" time="0.004"/>
  <testcase name="Dlesszero" classname="net.squarerootTest.squarerootTest" time="0.001"/>
  <testcase name="Dmorezero" classname="net.squarerootTest.squarerootTest" time="0.0"/>
  <system-out><![CDATA[]]></system-out>
  <system-err><![CDATA[]]></system-err>
</testsuite>
