<?xml version="1.0" encoding="UTF-8"?>
<testsuite name="net.squarerootTest.squarerootTest" tests="3" skipped="0" failures="0" errors="0" timestamp="2023-02-15T19:01:35" hostname="NB927" time="0.009">
  <properties/>
  <testcase name="Diszero" classname="net.squarerootTest.squarerootTest" time="0.005"/>
  <testcase name="Dlesszero" classname="net.squarerootTest.squarerootTest" time="0.0"/>
  <testcase name="Dmorezero" classname="net.squarerootTest.squarerootTest" time="0.001"/>
  <system-out><![CDATA[]]></system-out>
  <system-err><![CDATA[]]></system-err>
</testsuite>
